<?xml version="1.0" encoding="UTF-8"?>
<!-- Generated by org.testng.reporters.JUnitXMLReporter -->
<testsuite ignored="7" hostname="LAPTOP-CJRNS43V" failures="0" tests="12" name="Functional" time="0.278" errors="0" timestamp="2022-12-05T18:23:56 SAST">
  <testcase classname="ui.LoginTest" name="test1" time="0.017"/>
  <testcase classname="ui.LoginTest" name="test2" time="0.009"/>
  <testcase classname="ui.GroupsDemoTest" name="test1" time="0.01"/>
  <testcase classname="ui.GroupsDemoTest" name="test2" time="0.011"/>
  <testcase classname="ui.GroupsDemoTest" name="test3" time="0.014"/>
  <testcase classname="ui.GroupsDemoTest" name="test4" time="0.009"/>
  <testcase classname="ui.GroupsDemoTest2" name="test1" time="0.005"/>
  <testcase classname="ui.GroupsDemoTest2" name="test2" time="0.005"/>
  <testcase classname="ui.GroupsDemoTest2" name="test3" time="0.006"/>
  <testcase classname="ui.GroupsDemoTest2" name="test4" time="0.004"/>
  <testcase classname="ui.SkipDemoTest" name="skipTest2" time="0.005">
    <skipped/>
  </testcase> <!-- skipTest2 -->
  <testcase classname="ui.SkipDemoTest" name="skipTest3" time="0.008">
    <skipped/>
  </testcase> <!-- skipTest3 -->
  <testcase classname="common.CommonDataSetUp" name="@AfterSuite tearDown" time="0.0">
    <ignored/>
  </testcase> <!-- @AfterSuite tearDown -->
  <testcase classname="common.CommonDataSetUp" name="@AfterSuite tearDown" time="0.0">
    <ignored/>
  </testcase> <!-- @AfterSuite tearDown -->
  <testcase classname="common.CommonDataSetUp" name="@AfterSuite tearDown" time="0.0">
    <ignored/>
  </testcase> <!-- @AfterSuite tearDown -->
  <testcase classname="ui.SkipDemoTest" name="skipTest1" time="0.0">
    <ignored/>
  </testcase> <!-- skipTest1 -->
  <testcase classname="common.CommonDataSetUp" name="@BeforeSuite dataSetup" time="0.0">
    <ignored/>
  </testcase> <!-- @BeforeSuite dataSetup -->
  <testcase classname="common.CommonDataSetUp" name="@BeforeSuite dataSetup" time="0.0">
    <ignored/>
  </testcase> <!-- @BeforeSuite dataSetup -->
  <testcase classname="common.CommonDataSetUp" name="@BeforeSuite dataSetup" time="0.0">
    <ignored/>
  </testcase> <!-- @BeforeSuite dataSetup -->
</testsuite> <!-- Functional -->
