<?xml version="1.0" encoding="UTF-8"?>
<!-- Generated by org.testng.reporters.JUnitXMLReporter -->
<testsuite ignored="0" hostname="LAPTOP-CJRNS43V" failures="0" tests="4" name="GRP-bvt,user_registration" time="0.222" errors="0" timestamp="2022-12-03T14:49:28 SAST">
  <testcase classname="ui.GroupsDemoTest" name="test1" time="0.022"/>
  <testcase classname="ui.GroupsDemoTest" name="test2" time="0.009"/>
  <testcase classname="ui.GroupsDemoTest" name="test3" time="0.007"/>
  <testcase classname="ui.GroupsDemoTest" name="test4" time="0.006"/>
</testsuite> <!-- GRP-bvt,user_registration -->
