<?xml version="1.0" encoding="UTF-8"?>
<!-- Generated by org.testng.reporters.JUnitXMLReporter -->
<testsuite ignored="2" hostname="LAPTOP-CJRNS43V" failures="0" tests="4" name="GRP-regression" time="0.147" errors="0" timestamp="2022-12-04T13:50:47 SAST">
  <testcase classname="ui.GroupsDemoTest" name="test1" time="0.011"/>
  <testcase classname="ui.GroupsDemoTest" name="test2" time="0.003"/>
  <testcase classname="ui.GroupsDemoTest" name="test3" time="0.004"/>
  <testcase classname="ui.LoginTest" name="test1" time="0.003"/>
  <testcase classname="ui.GroupsDemoTest" name="test4" time="0.0">
    <ignored/>
  </testcase> <!-- test4 -->
  <testcase classname="ui.LoginTest" name="test2" time="0.0">
    <ignored/>
  </testcase> <!-- test2 -->
</testsuite> <!-- GRP-regression -->
