<?xml version="1.0" encoding="UTF-8"?>
<!-- Generated by org.testng.reporters.JUnitXMLReporter -->
<testsuite ignored="1" hostname="LAPTOP-CJRNS43V" failures="0" tests="3" name="GRP-regression" time="0.184" errors="0" timestamp="2022-12-03T14:30:56 SAST">
  <testcase classname="ui.GroupsDemoTest" name="test1" time="0.029"/>
  <testcase classname="ui.GroupsDemoTest" name="test2" time="0.018"/>
  <testcase classname="ui.GroupsDemoTest" name="test3" time="0.012"/>
  <testcase classname="ui.GroupsDemoTest" name="test4" time="0.0">
    <ignored/>
  </testcase> <!-- test4 -->
</testsuite> <!-- GRP-regression -->
