<?xml version="1.0" encoding="UTF-8"?>
<testng-results ignored="0" total="1" passed="1" failed="0" skipped="0">
  <reporter-output>
  </reporter-output>
  <suite started-at="2022-12-01T22:34:57 SAST" name="Default suite" finished-at="2022-12-01T22:34:57 SAST" duration-ms="111">
    <groups>
    </groups>
    <test started-at="2022-12-01T22:34:57 SAST" name="Default test" finished-at="2022-12-01T22:34:57 SAST" duration-ms="111">
      <class name="ui.LoginTest">
        <test-method signature="loginTest()[pri:0, instance:ui.LoginTest@45b9a632]" started-at="2022-12-01T22:34:57 SAST" name="loginTest" finished-at="2022-12-01T22:34:57 SAST" duration-ms="21" status="PASS">
          <reporter-output>
          </reporter-output>
        </test-method> <!-- loginTest -->
      </class> <!-- ui.LoginTest -->
    </test> <!-- Default test -->
  </suite> <!-- Default suite -->
</testng-results>
