<?xml version="1.0" encoding="UTF-8"?>
<testng-results ignored="0" total="2" passed="2" failed="0" skipped="0">
  <reporter-output>
  </reporter-output>
  <suite started-at="2022-12-02T16:35:14 SAST" name="Default suite" finished-at="2022-12-02T16:35:14 SAST" duration-ms="158">
    <groups>
    </groups>
    <test started-at="2022-12-02T16:35:14 SAST" name="Default test" finished-at="2022-12-02T16:35:14 SAST" duration-ms="158">
      <class name="ui.LoginTest">
        <test-method signature="loginTest()[pri:1, instance:ui.LoginTest@309e345f]" started-at="2022-12-02T16:35:14 SAST" name="loginTest" finished-at="2022-12-02T16:35:14 SAST" duration-ms="19" status="PASS">
          <reporter-output>
          </reporter-output>
        </test-method> <!-- loginTest -->
        <test-method signature="logoutTest()[pri:2, instance:ui.LoginTest@309e345f]" started-at="2022-12-02T16:35:14 SAST" name="logoutTest" finished-at="2022-12-02T16:35:14 SAST" duration-ms="2" status="PASS">
          <reporter-output>
          </reporter-output>
        </test-method> <!-- logoutTest -->
      </class> <!-- ui.LoginTest -->
    </test> <!-- Default test -->
  </suite> <!-- Default suite -->
</testng-results>
