<?xml version="1.0" encoding="UTF-8"?>
<testng-results ignored="2" total="6" passed="4" failed="0" skipped="0">
  <reporter-output>
  </reporter-output>
  <suite started-at="2022-12-04T13:50:46 SAST" name="TestNG_Framework by groups" finished-at="2022-12-04T13:50:47 SAST" duration-ms="147">
    <groups>
      <group name="bvt">
        <method signature="GroupsDemoTest.test3()[pri:3, instance:ui.GroupsDemoTest@6e20b53a]" name="test3" class="ui.GroupsDemoTest"/>
      </group> <!-- bvt -->
      <group name="regression">
        <method signature="GroupsDemoTest.test1()[pri:1, instance:ui.GroupsDemoTest@6e20b53a]" name="test1" class="ui.GroupsDemoTest"/>
        <method signature="GroupsDemoTest.test2()[pri:2, instance:ui.GroupsDemoTest@6e20b53a]" name="test2" class="ui.GroupsDemoTest"/>
        <method signature="GroupsDemoTest.test3()[pri:3, instance:ui.GroupsDemoTest@6e20b53a]" name="test3" class="ui.GroupsDemoTest"/>
        <method signature="LoginTest.test1()[pri:1, instance:ui.LoginTest@6572421]" name="test1" class="ui.LoginTest"/>
      </group> <!-- regression -->
      <group name="user_registration">
        <method signature="GroupsDemoTest.test1()[pri:1, instance:ui.GroupsDemoTest@6e20b53a]" name="test1" class="ui.GroupsDemoTest"/>
        <method signature="GroupsDemoTest.test2()[pri:2, instance:ui.GroupsDemoTest@6e20b53a]" name="test2" class="ui.GroupsDemoTest"/>
        <method signature="GroupsDemoTest.test3()[pri:3, instance:ui.GroupsDemoTest@6e20b53a]" name="test3" class="ui.GroupsDemoTest"/>
      </group> <!-- user_registration -->
    </groups>
    <test started-at="2022-12-04T13:50:46 SAST" name="GRP-regression" finished-at="2022-12-04T13:50:47 SAST" duration-ms="147">
      <class name="ui.GroupsDemoTest">
        <test-method is-config="true" signature="beforeGroupTest()[pri:0, instance:ui.GroupsDemoTest@6e20b53a]" started-at="2022-12-04T13:50:47 SAST" name="beforeGroupTest" finished-at="2022-12-04T13:50:47 SAST" duration-ms="7" status="PASS">
          <reporter-output>
          </reporter-output>
        </test-method> <!-- beforeGroupTest -->
        <test-method signature="test1()[pri:1, instance:ui.GroupsDemoTest@6e20b53a]" started-at="2022-12-04T13:50:47 SAST" name="test1" finished-at="2022-12-04T13:50:47 SAST" duration-ms="11" status="PASS">
          <reporter-output>
          </reporter-output>
        </test-method> <!-- test1 -->
        <test-method signature="test2()[pri:2, instance:ui.GroupsDemoTest@6e20b53a]" started-at="2022-12-04T13:50:47 SAST" name="test2" finished-at="2022-12-04T13:50:47 SAST" duration-ms="3" status="PASS">
          <reporter-output>
          </reporter-output>
        </test-method> <!-- test2 -->
        <test-method signature="test3()[pri:3, instance:ui.GroupsDemoTest@6e20b53a]" started-at="2022-12-04T13:50:47 SAST" name="test3" finished-at="2022-12-04T13:50:47 SAST" duration-ms="4" status="PASS">
          <reporter-output>
          </reporter-output>
        </test-method> <!-- test3 -->
        <test-method is-config="true" signature="afterGroupTest()[pri:0, instance:ui.GroupsDemoTest@6e20b53a]" started-at="2022-12-04T13:50:47 SAST" name="afterGroupTest" finished-at="2022-12-04T13:50:47 SAST" duration-ms="1" status="PASS">
          <reporter-output>
          </reporter-output>
        </test-method> <!-- afterGroupTest -->
      </class> <!-- ui.GroupsDemoTest -->
      <class name="ui.LoginTest">
        <test-method signature="test1()[pri:1, instance:ui.LoginTest@6572421]" started-at="2022-12-04T13:50:47 SAST" name="test1" description="This is a login test" finished-at="2022-12-04T13:50:47 SAST" duration-ms="3" status="PASS">
          <reporter-output>
          </reporter-output>
        </test-method> <!-- test1 -->
      </class> <!-- ui.LoginTest -->
    </test> <!-- GRP-regression -->
  </suite> <!-- TestNG_Framework by groups -->
</testng-results>
