<?xml version="1.0" encoding="UTF-8"?>
<testng-results ignored="0" total="4" passed="4" failed="0" skipped="0">
  <reporter-output>
  </reporter-output>
  <suite started-at="2022-12-03T14:49:28 SAST" name="TestNG_Framework by groups" finished-at="2022-12-03T14:49:28 SAST" duration-ms="222">
    <groups>
      <group name="bvt">
        <method signature="GroupsDemoTest.test3()[pri:3, instance:ui.GroupsDemoTest@68999068]" name="test3" class="ui.GroupsDemoTest"/>
        <method signature="GroupsDemoTest.test4()[pri:3, instance:ui.GroupsDemoTest@68999068]" name="test4" class="ui.GroupsDemoTest"/>
      </group> <!-- bvt -->
      <group name="regression">
        <method signature="GroupsDemoTest.test1()[pri:1, instance:ui.GroupsDemoTest@68999068]" name="test1" class="ui.GroupsDemoTest"/>
        <method signature="GroupsDemoTest.test2()[pri:2, instance:ui.GroupsDemoTest@68999068]" name="test2" class="ui.GroupsDemoTest"/>
        <method signature="GroupsDemoTest.test3()[pri:3, instance:ui.GroupsDemoTest@68999068]" name="test3" class="ui.GroupsDemoTest"/>
      </group> <!-- regression -->
      <group name="user_registration">
        <method signature="GroupsDemoTest.test1()[pri:1, instance:ui.GroupsDemoTest@68999068]" name="test1" class="ui.GroupsDemoTest"/>
        <method signature="GroupsDemoTest.test2()[pri:2, instance:ui.GroupsDemoTest@68999068]" name="test2" class="ui.GroupsDemoTest"/>
        <method signature="GroupsDemoTest.test3()[pri:3, instance:ui.GroupsDemoTest@68999068]" name="test3" class="ui.GroupsDemoTest"/>
        <method signature="GroupsDemoTest.test4()[pri:3, instance:ui.GroupsDemoTest@68999068]" name="test4" class="ui.GroupsDemoTest"/>
      </group> <!-- user_registration -->
    </groups>
    <test started-at="2022-12-03T14:49:28 SAST" name="GRP-bvt,user_registration" finished-at="2022-12-03T14:49:28 SAST" duration-ms="222">
      <class name="ui.GroupsDemoTest">
        <test-method signature="test1()[pri:1, instance:ui.GroupsDemoTest@68999068]" started-at="2022-12-03T14:49:28 SAST" name="test1" finished-at="2022-12-03T14:49:28 SAST" duration-ms="22" status="PASS">
          <reporter-output>
          </reporter-output>
        </test-method> <!-- test1 -->
        <test-method signature="test2()[pri:2, instance:ui.GroupsDemoTest@68999068]" started-at="2022-12-03T14:49:28 SAST" name="test2" finished-at="2022-12-03T14:49:28 SAST" duration-ms="9" status="PASS">
          <reporter-output>
          </reporter-output>
        </test-method> <!-- test2 -->
        <test-method signature="test3()[pri:3, instance:ui.GroupsDemoTest@68999068]" started-at="2022-12-03T14:49:28 SAST" name="test3" finished-at="2022-12-03T14:49:28 SAST" duration-ms="7" status="PASS">
          <reporter-output>
          </reporter-output>
        </test-method> <!-- test3 -->
        <test-method signature="test4()[pri:3, instance:ui.GroupsDemoTest@68999068]" started-at="2022-12-03T14:49:28 SAST" name="test4" finished-at="2022-12-03T14:49:28 SAST" duration-ms="6" status="PASS">
          <reporter-output>
          </reporter-output>
        </test-method> <!-- test4 -->
      </class> <!-- ui.GroupsDemoTest -->
    </test> <!-- GRP-bvt,user_registration -->
  </suite> <!-- TestNG_Framework by groups -->
</testng-results>
