<?xml version="1.0" encoding="UTF-8"?>
<testng-results ignored="2" total="4" passed="2" failed="0" skipped="0">
  <reporter-output>
  </reporter-output>
  <suite started-at="2022-12-03T14:38:03 SAST" name="TestNG_Framework by groups" finished-at="2022-12-03T14:38:03 SAST" duration-ms="133">
    <groups>
      <group name="bvt">
        <method signature="GroupsDemoTest.test3()[pri:3, instance:ui.GroupsDemoTest@619713e5]" name="test3" class="ui.GroupsDemoTest"/>
        <method signature="GroupsDemoTest.test4()[pri:3, instance:ui.GroupsDemoTest@619713e5]" name="test4" class="ui.GroupsDemoTest"/>
      </group> <!-- bvt -->
      <group name="regression">
        <method signature="GroupsDemoTest.test3()[pri:3, instance:ui.GroupsDemoTest@619713e5]" name="test3" class="ui.GroupsDemoTest"/>
      </group> <!-- regression -->
    </groups>
    <test started-at="2022-12-03T14:38:03 SAST" name="GRP-bvt" finished-at="2022-12-03T14:38:03 SAST" duration-ms="133">
      <class name="ui.GroupsDemoTest">
        <test-method signature="test3()[pri:3, instance:ui.GroupsDemoTest@619713e5]" started-at="2022-12-03T14:38:03 SAST" name="test3" finished-at="2022-12-03T14:38:03 SAST" duration-ms="20" status="PASS">
          <reporter-output>
          </reporter-output>
        </test-method> <!-- test3 -->
        <test-method signature="test4()[pri:3, instance:ui.GroupsDemoTest@619713e5]" started-at="2022-12-03T14:38:03 SAST" name="test4" finished-at="2022-12-03T14:38:03 SAST" duration-ms="15" status="PASS">
          <reporter-output>
          </reporter-output>
        </test-method> <!-- test4 -->
      </class> <!-- ui.GroupsDemoTest -->
    </test> <!-- GRP-bvt -->
  </suite> <!-- TestNG_Framework by groups -->
</testng-results>
