<?xml version="1.0" encoding="UTF-8"?>
<testng-results ignored="0" total="7" passed="7" failed="0" skipped="0">
  <reporter-output>
  </reporter-output>
  <suite started-at="2022-12-06T03:19:07 SAST" name="Default suite" finished-at="2022-12-06T03:19:08 SAST" duration-ms="228">
    <groups>
    </groups>
    <test started-at="2022-12-06T03:19:07 SAST" name="Default test" finished-at="2022-12-06T03:19:08 SAST" duration-ms="228">
      <class name="ui.DataProviderDemoTest">
        <test-method signature="test(java.lang.String,java.lang.String)[pri:0, instance:ui.DataProviderDemoTest@50eac852]" started-at="2022-12-06T03:19:07 SAST" name="test" data-provider="setData" finished-at="2022-12-06T03:19:07 SAST" duration-ms="16" status="PASS">
          <params>
            <param index="0">
              <value>
                <![CDATA[user1]]>
              </value>
            </param>
            <param index="1">
              <value>
                <![CDATA[pword1]]>
              </value>
            </param>
          </params>
          <reporter-output>
          </reporter-output>
        </test-method> <!-- test -->
        <test-method signature="test(java.lang.String,java.lang.String)[pri:0, instance:ui.DataProviderDemoTest@50eac852]" started-at="2022-12-06T03:19:07 SAST" name="test" data-provider="setData" finished-at="2022-12-06T03:19:07 SAST" duration-ms="6" status="PASS">
          <params>
            <param index="0">
              <value>
                <![CDATA[user2]]>
              </value>
            </param>
            <param index="1">
              <value>
                <![CDATA[pword2]]>
              </value>
            </param>
          </params>
          <reporter-output>
          </reporter-output>
        </test-method> <!-- test -->
        <test-method signature="test(java.lang.String,java.lang.String)[pri:0, instance:ui.DataProviderDemoTest@50eac852]" started-at="2022-12-06T03:19:07 SAST" name="test" data-provider="setData" finished-at="2022-12-06T03:19:07 SAST" duration-ms="13" status="PASS">
          <params>
            <param index="0">
              <value>
                <![CDATA[user3]]>
              </value>
            </param>
            <param index="1">
              <value>
                <![CDATA[pword3]]>
              </value>
            </param>
          </params>
          <reporter-output>
          </reporter-output>
        </test-method> <!-- test -->
        <test-method signature="test(java.lang.String,java.lang.String)[pri:0, instance:ui.DataProviderDemoTest@50eac852]" started-at="2022-12-06T03:19:08 SAST" name="test" data-provider="setData" finished-at="2022-12-06T03:19:08 SAST" duration-ms="4" status="PASS">
          <params>
            <param index="0">
              <value>
                <![CDATA[user4]]>
              </value>
            </param>
            <param index="1">
              <value>
                <![CDATA[pword4]]>
              </value>
            </param>
          </params>
          <reporter-output>
          </reporter-output>
        </test-method> <!-- test -->
        <test-method signature="test2(java.lang.String,java.lang.String,java.lang.String)[pri:0, instance:ui.DataProviderDemoTest@50eac852]" started-at="2022-12-06T03:19:08 SAST" name="test2" data-provider="create" finished-at="2022-12-06T03:19:08 SAST" duration-ms="6" status="PASS">
          <params>
            <param index="0">
              <value>
                <![CDATA[username1]]>
              </value>
            </param>
            <param index="1">
              <value>
                <![CDATA[password1]]>
              </value>
            </param>
            <param index="2">
              <value>
                <![CDATA[valid]]>
              </value>
            </param>
          </params>
          <reporter-output>
          </reporter-output>
        </test-method> <!-- test2 -->
        <test-method signature="test2(java.lang.String,java.lang.String,java.lang.String)[pri:0, instance:ui.DataProviderDemoTest@50eac852]" started-at="2022-12-06T03:19:08 SAST" name="test2" data-provider="create" finished-at="2022-12-06T03:19:08 SAST" duration-ms="7" status="PASS">
          <params>
            <param index="0">
              <value>
                <![CDATA[username2]]>
              </value>
            </param>
            <param index="1">
              <value>
                <![CDATA[password2]]>
              </value>
            </param>
            <param index="2">
              <value>
                <![CDATA[invalid]]>
              </value>
            </param>
          </params>
          <reporter-output>
          </reporter-output>
        </test-method> <!-- test2 -->
        <test-method signature="test2(java.lang.String,java.lang.String,java.lang.String)[pri:0, instance:ui.DataProviderDemoTest@50eac852]" started-at="2022-12-06T03:19:08 SAST" name="test2" data-provider="create" finished-at="2022-12-06T03:19:08 SAST" duration-ms="3" status="PASS">
          <params>
            <param index="0">
              <value>
                <![CDATA[username3]]>
              </value>
            </param>
            <param index="1">
              <value>
                <![CDATA[password3]]>
              </value>
            </param>
            <param index="2">
              <value>
                <![CDATA[valid]]>
              </value>
            </param>
          </params>
          <reporter-output>
          </reporter-output>
        </test-method> <!-- test2 -->
      </class> <!-- ui.DataProviderDemoTest -->
    </test> <!-- Default test -->
  </suite> <!-- Default suite -->
</testng-results>
