<?xml version="1.0" encoding="UTF-8"?>
<testng-results ignored="2" total="6" passed="4" failed="0" skipped="0">
  <reporter-output>
  </reporter-output>
  <suite started-at="2022-12-04T07:21:56 SAST" name="Regression Suite" finished-at="2022-12-04T07:21:57 SAST" duration-ms="272">
    <groups>
      <group name="bvt">
        <method signature="GroupsDemoTest.test3()[pri:3, instance:ui.GroupsDemoTest@3ce1e309]" name="test3" class="ui.GroupsDemoTest"/>
      </group> <!-- bvt -->
      <group name="regression">
        <method signature="GroupsDemoTest.test1()[pri:1, instance:ui.GroupsDemoTest@3ce1e309]" name="test1" class="ui.GroupsDemoTest"/>
        <method signature="GroupsDemoTest.test2()[pri:2, instance:ui.GroupsDemoTest@3ce1e309]" name="test2" class="ui.GroupsDemoTest"/>
        <method signature="GroupsDemoTest.test3()[pri:3, instance:ui.GroupsDemoTest@3ce1e309]" name="test3" class="ui.GroupsDemoTest"/>
        <method signature="LoginTest.test1()[pri:1, instance:ui.LoginTest@f5ac9e4]" name="test1" class="ui.LoginTest"/>
      </group> <!-- regression -->
      <group name="user_registration">
        <method signature="GroupsDemoTest.test1()[pri:1, instance:ui.GroupsDemoTest@3ce1e309]" name="test1" class="ui.GroupsDemoTest"/>
        <method signature="GroupsDemoTest.test2()[pri:2, instance:ui.GroupsDemoTest@3ce1e309]" name="test2" class="ui.GroupsDemoTest"/>
        <method signature="GroupsDemoTest.test3()[pri:3, instance:ui.GroupsDemoTest@3ce1e309]" name="test3" class="ui.GroupsDemoTest"/>
      </group> <!-- user_registration -->
    </groups>
    <test started-at="2022-12-04T07:21:56 SAST" name="Regression" finished-at="2022-12-04T07:21:57 SAST" duration-ms="272">
      <class name="ui.GroupsDemoTest">
        <test-method signature="test1()[pri:1, instance:ui.GroupsDemoTest@3ce1e309]" started-at="2022-12-04T07:21:56 SAST" name="test1" finished-at="2022-12-04T07:21:56 SAST" duration-ms="14" status="PASS">
          <reporter-output>
          </reporter-output>
        </test-method> <!-- test1 -->
        <test-method signature="test2()[pri:2, instance:ui.GroupsDemoTest@3ce1e309]" started-at="2022-12-04T07:21:57 SAST" name="test2" finished-at="2022-12-04T07:21:57 SAST" duration-ms="14" status="PASS">
          <reporter-output>
          </reporter-output>
        </test-method> <!-- test2 -->
        <test-method signature="test3()[pri:3, instance:ui.GroupsDemoTest@3ce1e309]" started-at="2022-12-04T07:21:57 SAST" name="test3" finished-at="2022-12-04T07:21:57 SAST" duration-ms="11" status="PASS">
          <reporter-output>
          </reporter-output>
        </test-method> <!-- test3 -->
      </class> <!-- ui.GroupsDemoTest -->
      <class name="ui.LoginTest">
        <test-method signature="test1()[pri:1, instance:ui.LoginTest@f5ac9e4]" started-at="2022-12-04T07:21:56 SAST" name="test1" description="This is a login test" finished-at="2022-12-04T07:21:56 SAST" duration-ms="24" status="PASS">
          <reporter-output>
          </reporter-output>
        </test-method> <!-- test1 -->
      </class> <!-- ui.LoginTest -->
    </test> <!-- Regression -->
  </suite> <!-- Regression Suite -->
</testng-results>
