<?xml version="1.0" encoding="UTF-8"?>
<testng-results ignored="0" total="4" passed="4" failed="0" skipped="0">
  <reporter-output>
  </reporter-output>
  <suite started-at="2022-12-05T17:38:48 SAST" name="Suite Setup and Teardown" finished-at="2022-12-05T17:38:48 SAST" duration-ms="123">
    <groups>
      <group name="bvt">
        <method signature="GroupsDemoTest2.test3()[pri:3, instance:ui.GroupsDemoTest2@2e005c4b]" name="test3" class="ui.GroupsDemoTest2"/>
        <method signature="GroupsDemoTest2.test4()[pri:3, instance:ui.GroupsDemoTest2@2e005c4b]" name="test4" class="ui.GroupsDemoTest2"/>
      </group> <!-- bvt -->
      <group name="regression">
        <method signature="GroupsDemoTest2.test1()[pri:1, instance:ui.GroupsDemoTest2@2e005c4b]" name="test1" class="ui.GroupsDemoTest2"/>
        <method signature="GroupsDemoTest2.test2()[pri:2, instance:ui.GroupsDemoTest2@2e005c4b]" name="test2" class="ui.GroupsDemoTest2"/>
        <method signature="GroupsDemoTest2.test3()[pri:3, instance:ui.GroupsDemoTest2@2e005c4b]" name="test3" class="ui.GroupsDemoTest2"/>
      </group> <!-- regression -->
    </groups>
    <test started-at="2022-12-05T17:38:48 SAST" name="Test Before Suite After Suite" finished-at="2022-12-05T17:38:48 SAST" duration-ms="123">
      <class name="ui.GroupsDemoTest2">
        <test-method is-config="true" signature="dataSetup()[pri:0, instance:ui.GroupsDemoTest2@2e005c4b]" started-at="2022-12-05T17:38:48 SAST" name="dataSetup" finished-at="2022-12-05T17:38:48 SAST" duration-ms="11" status="PASS">
          <reporter-output>
          </reporter-output>
        </test-method> <!-- dataSetup -->
        <test-method signature="test1()[pri:1, instance:ui.GroupsDemoTest2@2e005c4b]" started-at="2022-12-05T17:38:48 SAST" name="test1" finished-at="2022-12-05T17:38:48 SAST" duration-ms="8" status="PASS">
          <reporter-output>
          </reporter-output>
        </test-method> <!-- test1 -->
        <test-method signature="test2()[pri:2, instance:ui.GroupsDemoTest2@2e005c4b]" started-at="2022-12-05T17:38:48 SAST" name="test2" finished-at="2022-12-05T17:38:48 SAST" duration-ms="9" status="PASS">
          <reporter-output>
          </reporter-output>
        </test-method> <!-- test2 -->
        <test-method signature="test3()[pri:3, instance:ui.GroupsDemoTest2@2e005c4b]" started-at="2022-12-05T17:38:48 SAST" name="test3" finished-at="2022-12-05T17:38:48 SAST" duration-ms="3" status="PASS">
          <reporter-output>
          </reporter-output>
        </test-method> <!-- test3 -->
        <test-method signature="test4()[pri:3, instance:ui.GroupsDemoTest2@2e005c4b]" started-at="2022-12-05T17:38:48 SAST" name="test4" finished-at="2022-12-05T17:38:48 SAST" duration-ms="9" status="PASS">
          <reporter-output>
          </reporter-output>
        </test-method> <!-- test4 -->
        <test-method is-config="true" signature="tearDown()[pri:0, instance:ui.GroupsDemoTest2@2e005c4b]" started-at="2022-12-05T17:38:48 SAST" name="tearDown" finished-at="2022-12-05T17:38:48 SAST" duration-ms="2" status="PASS">
          <reporter-output>
          </reporter-output>
        </test-method> <!-- tearDown -->
      </class> <!-- ui.GroupsDemoTest2 -->
    </test> <!-- Test Before Suite After Suite -->
  </suite> <!-- Suite Setup and Teardown -->
</testng-results>
