<?xml version="1.0" encoding="UTF-8"?>
<testng-results ignored="0" total="2" passed="2" failed="0" skipped="0">
  <reporter-output>
  </reporter-output>
  <suite started-at="2022-12-02T19:19:39 SAST" name="Default suite" finished-at="2022-12-02T19:19:39 SAST" duration-ms="147">
    <groups>
    </groups>
    <test started-at="2022-12-02T19:19:39 SAST" name="Default test" finished-at="2022-12-02T19:19:39 SAST" duration-ms="147">
      <class name="ui.LoginTest">
        <test-method is-config="true" signature="loginToApplication()[pri:0, instance:ui.LoginTest@4b14c583]" started-at="2022-12-02T19:19:39 SAST" name="loginToApplication" finished-at="2022-12-02T19:19:39 SAST" duration-ms="10" status="PASS">
          <reporter-output>
          </reporter-output>
        </test-method> <!-- loginToApplication -->
        <test-method is-config="true" signature="connectToDB()[pri:0, instance:ui.LoginTest@4b14c583]" started-at="2022-12-02T19:19:39 SAST" name="connectToDB" finished-at="2022-12-02T19:19:39 SAST" duration-ms="0" status="PASS">
          <reporter-output>
          </reporter-output>
        </test-method> <!-- connectToDB -->
        <test-method signature="test1()[pri:1, instance:ui.LoginTest@4b14c583]" started-at="2022-12-02T19:19:39 SAST" name="test1" description="This is a login test" finished-at="2022-12-02T19:19:39 SAST" duration-ms="14" status="PASS">
          <reporter-output>
          </reporter-output>
        </test-method> <!-- test1 -->
        <test-method is-config="true" signature="disconnectFromDB()[pri:0, instance:ui.LoginTest@4b14c583]" started-at="2022-12-02T19:19:39 SAST" name="disconnectFromDB" finished-at="2022-12-02T19:19:39 SAST" duration-ms="1" status="PASS">
          <reporter-output>
          </reporter-output>
        </test-method> <!-- disconnectFromDB -->
        <test-method is-config="true" signature="connectToDB()[pri:0, instance:ui.LoginTest@4b14c583]" started-at="2022-12-02T19:19:39 SAST" name="connectToDB" finished-at="2022-12-02T19:19:39 SAST" duration-ms="1" status="PASS">
          <reporter-output>
          </reporter-output>
        </test-method> <!-- connectToDB -->
        <test-method signature="test2()[pri:2, instance:ui.LoginTest@4b14c583]" started-at="2022-12-02T19:19:39 SAST" name="test2" description="This is a logout test" finished-at="2022-12-02T19:19:39 SAST" duration-ms="12" status="PASS">
          <reporter-output>
          </reporter-output>
        </test-method> <!-- test2 -->
        <test-method is-config="true" signature="disconnectFromDB()[pri:0, instance:ui.LoginTest@4b14c583]" started-at="2022-12-02T19:19:39 SAST" name="disconnectFromDB" finished-at="2022-12-02T19:19:39 SAST" duration-ms="1" status="PASS">
          <reporter-output>
          </reporter-output>
        </test-method> <!-- disconnectFromDB -->
        <test-method is-config="true" signature="logoutFromApplication()[pri:0, instance:ui.LoginTest@4b14c583]" started-at="2022-12-02T19:19:39 SAST" name="logoutFromApplication" finished-at="2022-12-02T19:19:39 SAST" duration-ms="7" status="PASS">
          <reporter-output>
          </reporter-output>
        </test-method> <!-- logoutFromApplication -->
      </class> <!-- ui.LoginTest -->
    </test> <!-- Default test -->
  </suite> <!-- Default suite -->
</testng-results>
