<?xml version="1.0" encoding="UTF-8"?>
<testng-results ignored="0" total="2" passed="2" failed="0" skipped="0">
  <reporter-output>
  </reporter-output>
  <suite started-at="2022-12-02T19:04:48 SAST" name="Default suite" finished-at="2022-12-02T19:04:48 SAST" duration-ms="153">
    <groups>
    </groups>
    <test started-at="2022-12-02T19:04:48 SAST" name="Default test" finished-at="2022-12-02T19:04:48 SAST" duration-ms="153">
      <class name="ui.LoginTest">
        <test-method is-config="true" signature="loginToApplication()[pri:0, instance:ui.LoginTest@7c0c77c7]" started-at="2022-12-02T19:04:48 SAST" name="loginToApplication" finished-at="2022-12-02T19:04:48 SAST" duration-ms="14" status="PASS">
          <reporter-output>
          </reporter-output>
        </test-method> <!-- loginToApplication -->
        <test-method signature="test1()[pri:1, instance:ui.LoginTest@7c0c77c7]" started-at="2022-12-02T19:04:48 SAST" name="test1" description="This is a login test" finished-at="2022-12-02T19:04:48 SAST" duration-ms="15" status="PASS">
          <reporter-output>
          </reporter-output>
        </test-method> <!-- test1 -->
        <test-method signature="test2()[pri:2, instance:ui.LoginTest@7c0c77c7]" started-at="2022-12-02T19:04:48 SAST" name="test2" description="This is a logout test" finished-at="2022-12-02T19:04:48 SAST" duration-ms="7" status="PASS">
          <reporter-output>
          </reporter-output>
        </test-method> <!-- test2 -->
        <test-method is-config="true" signature="logoutFromApplication()[pri:0, instance:ui.LoginTest@7c0c77c7]" started-at="2022-12-02T19:04:48 SAST" name="logoutFromApplication" finished-at="2022-12-02T19:04:48 SAST" duration-ms="3" status="PASS">
          <reporter-output>
          </reporter-output>
        </test-method> <!-- logoutFromApplication -->
      </class> <!-- ui.LoginTest -->
    </test> <!-- Default test -->
  </suite> <!-- Default suite -->
</testng-results>
