<?xml version="1.0" encoding="UTF-8"?>
<!-- Generated by org.testng.reporters.JUnitXMLReporter -->
<testsuite ignored="0" hostname="LAPTOP-CJRNS43V" failures="0" tests="4" name="Test Before Suite After Suite" time="0.068" errors="0" timestamp="2022-12-05T18:23:57 SAST">
  <testcase classname="ui.GroupsDemoTest2" name="test1" time="0.015"/>
  <testcase classname="ui.GroupsDemoTest2" name="test2" time="0.008"/>
  <testcase classname="ui.GroupsDemoTest2" name="test3" time="0.002"/>
  <testcase classname="ui.GroupsDemoTest2" name="test4" time="0.003"/>
</testsuite> <!-- Test Before Suite After Suite -->
