<?xml version="1.0" encoding="UTF-8"?>
<!-- Generated by org.testng.reporters.JUnitXMLReporter -->
<testsuite ignored="0" hostname="LAPTOP-CJRNS43V" failures="0" tests="4" name="Default test" time="0.19" errors="0" timestamp="2022-12-03T14:37:41 SAST">
  <testcase classname="ui.GroupsDemoTest" name="test1" time="0.023"/>
  <testcase classname="ui.GroupsDemoTest" name="test2" time="0.02"/>
  <testcase classname="ui.GroupsDemoTest" name="test3" time="0.018"/>
  <testcase classname="ui.GroupsDemoTest" name="test4" time="0.004"/>
</testsuite> <!-- Default test -->
