<?xml version="1.0" encoding="UTF-8"?>
<!-- Generated by org.testng.reporters.JUnitXMLReporter -->
<testsuite ignored="1" hostname="LAPTOP-CJRNS43V" failures="0" tests="2" name="Default test" time="0.1" errors="0" timestamp="2022-12-04T10:22:08 SAST">
  <testcase classname="ui.SkipDemoTest" name="skipTest2" time="0.012">
    <skipped/>
  </testcase> <!-- skipTest2 -->
  <testcase classname="ui.SkipDemoTest" name="skipTest3" time="0.005">
    <skipped/>
  </testcase> <!-- skipTest3 -->
  <testcase classname="ui.SkipDemoTest" name="skipTest1" time="0.0">
    <ignored/>
  </testcase> <!-- skipTest1 -->
</testsuite> <!-- Default test -->
